Using pre-set license
Built from '2020.3/staging' branch; Version is '2020.3.15f1 (5e502cb56e17) revision 6180908'; Using compiler version '192528614'; Build Type 'Release'
OS: 'Windows 10 Pro; OS build 19043.1237; Version 2009; 64bit' Language: 'ko' Physical Memory: 32681 MB
BatchMode: 1, IsHumanControllingUs: 0, StartBugReporterOnCrash: 0, Is64bit: 1, IsPro: 0

 COMMAND LINE ARGUMENTS:
C:\Program Files\Unity\Hub\Editor\2020.3.15f1\Editor\Unity.exe
-adb2
-batchMode
-noUpm
-name
AssetImportWorker0
-projectPath
C:/Users/erubi/Desktop/BugKillerArd
-logFile
Logs/AssetImportWorker0.log
-srvPort
6152
Successfully changed project path to: C:/Users/erubi/Desktop/BugKillerArd
C:/Users/erubi/Desktop/BugKillerArd
Using Asset Import Pipeline V2.
Refreshing native plugins compatible for Editor in 23.06 ms, found 2 plugins.
Preloading 0 native plugins for Editor in 0.00 ms.
Initialize engine version: 2020.3.15f1 (5e502cb56e17)
[Subsystems] Discovering subsystems at path C:/Program Files/Unity/Hub/Editor/2020.3.15f1/Editor/Data/Resources/UnitySubsystems
[Subsystems] Discovering subsystems at path C:/Users/erubi/Desktop/BugKillerArd/Assets
GfxDevice: creating device client; threaded=0
Direct3D:
    Version:  Direct3D 11.0 [level 11.1]
    Renderer: NVIDIA GeForce RTX 2060 (ID=0x1f08)
    Vendor:   
    VRAM:     5980 MB
    Driver:   30.0.14.7141
Initialize mono
Mono path[0] = 'C:/Program Files/Unity/Hub/Editor/2020.3.15f1/Editor/Data/Managed'
Mono path[1] = 'C:/Program Files/Unity/Hub/Editor/2020.3.15f1/Editor/Data/MonoBleedingEdge/lib/mono/unityjit'
Mono config path = 'C:/Program Files/Unity/Hub/Editor/2020.3.15f1/Editor/Data/MonoBleedingEdge/etc'
Using monoOptions --debugger-agent=transport=dt_socket,embedding=1,server=y,suspend=n,address=127.0.0.1:56400
Begin MonoManager ReloadAssembly
Registering precompiled unity dll's ...
Register platform support module: C:/Program Files/Unity/Hub/Editor/2020.3.15f1/Editor/Data/PlaybackEngines/WebGLSupport/UnityEditor.WebGL.Extensions.dll
Register platform support module: C:/Program Files/Unity/Hub/Editor/2020.3.15f1/Editor/Data/PlaybackEngines/WindowsStandaloneSupport/UnityEditor.WindowsStandalone.Extensions.dll
Registered in 0.001672 seconds.
Native extension for WindowsStandalone target not found
Native extension for WebGL target not found
Refreshing native plugins compatible for Editor in 20.17 ms, found 2 plugins.
Preloading 0 native plugins for Editor in 0.00 ms.
Mono: successfully reloaded assembly
- Completed reload, in  0.779 seconds
Domain Reload Profiling:
	ReloadAssembly (779ms)
		BeginReloadAssembly (36ms)
			ExecutionOrderSort (0ms)
			DisableScriptedObjects (0ms)
			BackupInstance (0ms)
			ReleaseScriptingObjects (0ms)
			CreateAndSetChildDomain (1ms)
		EndReloadAssembly (271ms)
			LoadAssemblies (35ms)
			RebuildTransferFunctionScriptingTraits (0ms)
			SetupTypeCache (95ms)
			ReleaseScriptCaches (0ms)
			RebuildScriptCaches (18ms)
			SetupLoadedEditorAssemblies (104ms)
				LogAssemblyErrors (0ms)
				InitializePlatformSupportModulesInManaged (3ms)
				SetLoadedEditorAssemblies (0ms)
				RefreshPlugins (20ms)
				BeforeProcessingInitializeOnLoad (9ms)
				ProcessInitializeOnLoadAttributes (53ms)
				ProcessInitializeOnLoadMethodAttributes (18ms)
				AfterProcessingInitializeOnLoad (0ms)
				EditorAssembliesLoaded (0ms)
			ExecutionOrderSort2 (0ms)
			AwakeInstancesAfterBackupRestoration (0ms)
Platform modules already initialized, skipping
Registering precompiled user dll's ...
Registered in 0.002524 seconds.
Begin MonoManager ReloadAssembly
Native extension for WindowsStandalone target not found
Native extension for WebGL target not found
Refreshing native plugins compatible for Editor in 0.33 ms, found 2 plugins.
Preloading 0 native plugins for Editor in 0.00 ms.
Mono: successfully reloaded assembly
- Completed reload, in  0.745 seconds
Domain Reload Profiling:
	ReloadAssembly (746ms)
		BeginReloadAssembly (106ms)
			ExecutionOrderSort (0ms)
			DisableScriptedObjects (4ms)
			BackupInstance (0ms)
			ReleaseScriptingObjects (0ms)
			CreateAndSetChildDomain (17ms)
		EndReloadAssembly (594ms)
			LoadAssemblies (61ms)
			RebuildTransferFunctionScriptingTraits (0ms)
			SetupTypeCache (171ms)
			ReleaseScriptCaches (0ms)
			RebuildScriptCaches (29ms)
			SetupLoadedEditorAssemblies (277ms)
				LogAssemblyErrors (0ms)
				InitializePlatformSupportModulesInManaged (4ms)
				SetLoadedEditorAssemblies (0ms)
				RefreshPlugins (0ms)
				BeforeProcessingInitializeOnLoad (62ms)
				ProcessInitializeOnLoadAttributes (201ms)
				ProcessInitializeOnLoadMethodAttributes (3ms)
				AfterProcessingInitializeOnLoad (6ms)
				EditorAssembliesLoaded (0ms)
			ExecutionOrderSort2 (0ms)
			AwakeInstancesAfterBackupRestoration (5ms)
Platform modules already initialized, skipping
========================================================================
Worker process is ready to serve import requests
Launched and connected shader compiler UnityShaderCompiler.exe after 0.04 seconds
Refreshing native plugins compatible for Editor in 0.31 ms, found 2 plugins.
Preloading 0 native plugins for Editor in 0.00 ms.
Unloading 1437 Unused Serialized files (Serialized files now loaded: 0)
System memory in use before: 66.1 MB.
System memory in use after: 66.2 MB.

Unloading 21 unused Assets to reduce memory usage. Loaded Objects now: 1868.
Total: 1.720800 ms (FindLiveObjects: 0.109300 ms CreateObjectMapping: 0.030600 ms MarkObjects: 1.516600 ms  DeleteObjects: 0.063500 ms)

AssetImportParameters requested are different than current active one (requested -> active):
  custom:framework-win-MediaFoundation: 216162199b28c13a410421893ffa2e32 -> 
  custom:video-decoder-ogg-theora: a1e56fd34408186e4bbccfd4996cb3dc -> 
  custom:container-muxer-webm: aa71ff27fc2769a1b78a27578f13a17b -> 
  custom:container-demuxer-webm: 4f35f7cbe854078d1ac9338744f61a02 -> 
  custom:container-demuxer-ogg: 62fdf1f143b41e24485cea50d1cbac27 -> 
  custom:video-encoder-webm-vp8: eb34c28f22e8b96e1ab97ce403110664 -> 
  custom:video-decoder-webm-vp8: 9c59270c3fd7afecdb556c50c9e8de78 -> 
  custom:audio-decoder-ogg-vorbis: bf7c407c2cedff20999df2af8eb42d56 -> 
  custom:audio-encoder-webm-vorbis: bf7c407c2cedff20999df2af8eb42d56 -> 
========================================================================
Received Import Request.
  path: Assets/Uduino/Uduino.prefab
  artifactKey: Guid(bb5e6aea88a650f4a8317e74940b0ea4) Importer(815301076,1909f56bfc062723c751e8b465ee728b)
Start importing Assets/Uduino/Uduino.prefab using Guid(bb5e6aea88a650f4a8317e74940b0ea4) Importer(815301076,1909f56bfc062723c751e8b465ee728b)  -> (artifact id: 'b72c73c1786872f76ded030918edb4fd') in 0.038658 seconds 
  Import took 0.040782 seconds .

========================================================================
Received Import Request.
  Time since last request: 0.000159 seconds.
  path: Assets/Uduino
  artifactKey: Guid(4ddf8ec0359a59840bbe1459d67d8869) Importer(815301076,1909f56bfc062723c751e8b465ee728b)
Start importing Assets/Uduino using Guid(4ddf8ec0359a59840bbe1459d67d8869) Importer(815301076,1909f56bfc062723c751e8b465ee728b)  -> (artifact id: '847221c8c7b32268732f71f3f1254bff') in 0.002073 seconds 
  Import took 0.003330 seconds .

========================================================================
Received Import Request.
  Time since last request: 3.652897 seconds.
  path: Assets/3d_model
  artifactKey: Guid(cc9cbfb339ba64a4db89bdf73cebb806) Importer(815301076,1909f56bfc062723c751e8b465ee728b)
Start importing Assets/3d_model using Guid(cc9cbfb339ba64a4db89bdf73cebb806) Importer(815301076,1909f56bfc062723c751e8b465ee728b)  -> (artifact id: '94998a2a5930d2a523dbea16bf95b0ff') in 0.005854 seconds 
  Import took 0.008005 seconds .

========================================================================
Received Import Request.
  Time since last request: 0.024477 seconds.
  path: Assets/3d_model/spider.FBX
  artifactKey: Guid(7a538f29bad700d47a681a6568b943b4) Importer(815301076,1909f56bfc062723c751e8b465ee728b)
Start importing Assets/3d_model/spider.FBX using Guid(7a538f29bad700d47a681a6568b943b4) Importer(815301076,1909f56bfc062723c751e8b465ee728b)  -> (artifact id: 'e9c001623fb24ddf7dd5bf97db61cbd6') in 0.219913 seconds 
  Import took 0.222263 seconds .

========================================================================
Received Import Request.
  Time since last request: 0.000158 seconds.
  path: Assets/3d_model/spider_material.mat
  artifactKey: Guid(5e9135e27e909a042b2030159411a9ca) Importer(815301076,1909f56bfc062723c751e8b465ee728b)
Start importing Assets/3d_model/spider_material.mat using Guid(5e9135e27e909a042b2030159411a9ca) Importer(815301076,1909f56bfc062723c751e8b465ee728b)  -> (artifact id: 'cff2cd9776e05769c481180e8c7a493c') in 0.077984 seconds 
  Import took 0.079692 seconds .

========================================================================
Received Import Request.
  Time since last request: 0.000154 seconds.
  path: Assets/3d_model/spider_UV.png
  artifactKey: Guid(a3cc0cb8ba50c6c429e6811cb57ffaeb) Importer(815301076,1909f56bfc062723c751e8b465ee728b)
Start importing Assets/3d_model/spider_UV.png using Guid(a3cc0cb8ba50c6c429e6811cb57ffaeb) Importer(815301076,1909f56bfc062723c751e8b465ee728b)  -> (artifact id: '02db03b7e8b2de0bb90184aab64ab8a5') in 0.016900 seconds 
  Import took 0.018676 seconds .

========================================================================
Received Import Request.
  Time since last request: 0.000243 seconds.
  path: Assets/3d_model/spider_pref.prefab
  artifactKey: Guid(33b828b8f1c31334988de54e3fe47ee6) Importer(815301076,1909f56bfc062723c751e8b465ee728b)
Start importing Assets/3d_model/spider_pref.prefab using Guid(33b828b8f1c31334988de54e3fe47ee6) Importer(815301076,1909f56bfc062723c751e8b465ee728b)  -> (artifact id: '156d19486be8dd5b7de67090e5fece74') in 0.014017 seconds 
  Import took 0.017068 seconds .

========================================================================
Received Import Request.
  Time since last request: 1755.695230 seconds.
  path: Assets
  artifactKey: Guid(00000000000000001000000000000000) Importer(815301076,1909f56bfc062723c751e8b465ee728b)
Start importing Assets using Guid(00000000000000001000000000000000) Importer(815301076,1909f56bfc062723c751e8b465ee728b)  -> (artifact id: '42d402b061de3733987d63b9cc3b64de') in 0.005227 seconds 
  Import took 0.007379 seconds .

========================================================================
Received Import Request.
  Time since last request: 4.036043 seconds.
  path: Assets/Button.cs
  artifactKey: Guid(749c8d5008c9e5a46a3ff595789d2d50) Importer(815301076,1909f56bfc062723c751e8b465ee728b)
Start importing Assets/Button.cs using Guid(749c8d5008c9e5a46a3ff595789d2d50) Importer(815301076,1909f56bfc062723c751e8b465ee728b)  -> (artifact id: 'e36de8482c39b3877c332c11b1a661de') in 0.009134 seconds 
  Import took 0.011355 seconds .

========================================================================
Received Import Request.
  Time since last request: 113.214659 seconds.
  path: Assets/Button.cs
  artifactKey: Guid(749c8d5008c9e5a46a3ff595789d2d50) Importer(815301076,1909f56bfc062723c751e8b465ee728b)
Start importing Assets/Button.cs using Guid(749c8d5008c9e5a46a3ff595789d2d50) Importer(815301076,1909f56bfc062723c751e8b465ee728b)  -> (artifact id: '46a6fa5d36d8b3f88448316f5bd55c42') in 0.001855 seconds 
  Import took 0.003710 seconds .

========================================================================
Received Import Request.
  Time since last request: 0.000409 seconds.
  path: Assets/Button.cs
  artifactKey: Guid(749c8d5008c9e5a46a3ff595789d2d50) Importer(815301076,1909f56bfc062723c751e8b465ee728b)
Start importing Assets/Button.cs using Guid(749c8d5008c9e5a46a3ff595789d2d50) Importer(815301076,1909f56bfc062723c751e8b465ee728b)  -> (artifact id: '46a6fa5d36d8b3f88448316f5bd55c42') in 0.001375 seconds 
  Import took 0.002633 seconds .

AssetImportWorkerClient::OnTransportError - code=2 error=End of file
